i:\_projects\cocos2d-x\study\cocos2d-x\tankstrike\cocos2d\cocos\editor-support\spine\proj.win32\debug.win32\animationstatedata.obj
i:\_projects\cocos2d-x\study\cocos2d-x\tankstrike\cocos2d\cocos\editor-support\spine\proj.win32\debug.win32\atlasattachmentloader.obj
i:\_projects\cocos2d-x\study\cocos2d-x\tankstrike\cocos2d\cocos\editor-support\spine\proj.win32\debug.win32\color.obj
i:\_projects\cocos2d-x\study\cocos2d-x\tankstrike\cocos2d\cocos\editor-support\spine\proj.win32\debug.win32\ikconstraintdata.obj
i:\_projects\cocos2d-x\study\cocos2d-x\tankstrike\cocos2d\cocos\editor-support\spine\proj.win32\debug.win32\pathconstraint.obj
i:\_projects\cocos2d-x\study\cocos2d-x\tankstrike\cocos2d\cocos\editor-support\spine\proj.win32\debug.win32\skeletonbounds.obj
i:\_projects\cocos2d-x\study\cocos2d-x\tankstrike\cocos2d\cocos\editor-support\spine\proj.win32\debug.win32\skin.obj
i:\_projects\cocos2d-x\study\cocos2d-x\tankstrike\cocos2d\cocos\editor-support\spine\proj.win32\debug.win32\transformconstraintdata.obj
i:\_projects\cocos2d-x\study\cocos2d-x\tankstrike\cocos2d\cocos\editor-support\spine\proj.win32\debug.win32\animation.obj
i:\_projects\cocos2d-x\study\cocos2d-x\tankstrike\cocos2d\cocos\editor-support\spine\proj.win32\debug.win32\atlas.obj
i:\_projects\cocos2d-x\study\cocos2d-x\tankstrike\cocos2d\cocos\editor-support\spine\proj.win32\debug.win32\bone.obj
i:\_projects\cocos2d-x\study\cocos2d-x\tankstrike\cocos2d\cocos\editor-support\spine\proj.win32\debug.win32\bonedata.obj
i:\_projects\cocos2d-x\study\cocos2d-x\tankstrike\cocos2d\cocos\editor-support\spine\proj.win32\debug.win32\event.obj
i:\_projects\cocos2d-x\study\cocos2d-x\tankstrike\cocos2d\cocos\editor-support\spine\proj.win32\debug.win32\ikconstraint.obj
i:\_projects\cocos2d-x\study\cocos2d-x\tankstrike\cocos2d\cocos\editor-support\spine\proj.win32\debug.win32\meshattachment.obj
i:\_projects\cocos2d-x\study\cocos2d-x\tankstrike\cocos2d\cocos\editor-support\spine\proj.win32\debug.win32\pathconstraintdata.obj
i:\_projects\cocos2d-x\study\cocos2d-x\tankstrike\cocos2d\cocos\editor-support\spine\proj.win32\debug.win32\skeleton.obj
i:\_projects\cocos2d-x\study\cocos2d-x\tankstrike\cocos2d\cocos\editor-support\spine\proj.win32\debug.win32\skeletonclipping.obj
i:\_projects\cocos2d-x\study\cocos2d-x\tankstrike\cocos2d\cocos\editor-support\spine\proj.win32\debug.win32\slot.obj
i:\_projects\cocos2d-x\study\cocos2d-x\tankstrike\cocos2d\cocos\editor-support\spine\proj.win32\debug.win32\transformconstraint.obj
i:\_projects\cocos2d-x\study\cocos2d-x\tankstrike\cocos2d\cocos\editor-support\spine\proj.win32\debug.win32\vertexeffect.obj
i:\_projects\cocos2d-x\study\cocos2d-x\tankstrike\cocos2d\cocos\editor-support\spine\proj.win32\debug.win32\array.obj
i:\_projects\cocos2d-x\study\cocos2d-x\tankstrike\cocos2d\cocos\editor-support\spine\proj.win32\debug.win32\attachment.obj
i:\_projects\cocos2d-x\study\cocos2d-x\tankstrike\cocos2d\cocos\editor-support\spine\proj.win32\debug.win32\boundingboxattachment.obj
i:\_projects\cocos2d-x\study\cocos2d-x\tankstrike\cocos2d\cocos\editor-support\spine\proj.win32\debug.win32\eventdata.obj
i:\_projects\cocos2d-x\study\cocos2d-x\tankstrike\cocos2d\cocos\editor-support\spine\proj.win32\debug.win32\json.obj
i:\_projects\cocos2d-x\study\cocos2d-x\tankstrike\cocos2d\cocos\editor-support\spine\proj.win32\debug.win32\pointattachment.obj
i:\_projects\cocos2d-x\study\cocos2d-x\tankstrike\cocos2d\cocos\editor-support\spine\proj.win32\debug.win32\skeletonbinary.obj
i:\_projects\cocos2d-x\study\cocos2d-x\tankstrike\cocos2d\cocos\editor-support\spine\proj.win32\debug.win32\skeletonjson.obj
i:\_projects\cocos2d-x\study\cocos2d-x\tankstrike\cocos2d\cocos\editor-support\spine\proj.win32\debug.win32\triangulator.obj
i:\_projects\cocos2d-x\study\cocos2d-x\tankstrike\cocos2d\cocos\editor-support\spine\proj.win32\debug.win32\animationstate.obj
i:\_projects\cocos2d-x\study\cocos2d-x\tankstrike\cocos2d\cocos\editor-support\spine\proj.win32\debug.win32\attachmentloader.obj
i:\_projects\cocos2d-x\study\cocos2d-x\tankstrike\cocos2d\cocos\editor-support\spine\proj.win32\debug.win32\clippingattachment.obj
i:\_projects\cocos2d-x\study\cocos2d-x\tankstrike\cocos2d\cocos\editor-support\spine\proj.win32\debug.win32\extension.obj
i:\_projects\cocos2d-x\study\cocos2d-x\tankstrike\cocos2d\cocos\editor-support\spine\proj.win32\debug.win32\pathattachment.obj
i:\_projects\cocos2d-x\study\cocos2d-x\tankstrike\cocos2d\cocos\editor-support\spine\proj.win32\debug.win32\regionattachment.obj
i:\_projects\cocos2d-x\study\cocos2d-x\tankstrike\cocos2d\cocos\editor-support\spine\proj.win32\debug.win32\skeletondata.obj
i:\_projects\cocos2d-x\study\cocos2d-x\tankstrike\cocos2d\cocos\editor-support\spine\proj.win32\debug.win32\slotdata.obj
i:\_projects\cocos2d-x\study\cocos2d-x\tankstrike\cocos2d\cocos\editor-support\spine\proj.win32\debug.win32\vertexattachment.obj
i:\_projects\cocos2d-x\study\cocos2d-x\tankstrike\cocos2d\cocos\editor-support\spine\proj.win32\debug.win32\libspine.pdb
i:\_projects\cocos2d-x\study\cocos2d-x\tankstrike\cocos2d\cocos\editor-support\spine\proj.win32\debug.win32\attachmentvertices.obj
i:\_projects\cocos2d-x\study\cocos2d-x\tankstrike\cocos2d\cocos\editor-support\spine\proj.win32\debug.win32\skeletonrenderer.obj
i:\_projects\cocos2d-x\study\cocos2d-x\tankstrike\cocos2d\cocos\editor-support\spine\proj.win32\debug.win32\skeletonbatch.obj
i:\_projects\cocos2d-x\study\cocos2d-x\tankstrike\cocos2d\cocos\editor-support\spine\proj.win32\debug.win32\skeletontwocolorbatch.obj
i:\_projects\cocos2d-x\study\cocos2d-x\tankstrike\cocos2d\cocos\editor-support\spine\proj.win32\debug.win32\skeletonanimation.obj
i:\_projects\cocos2d-x\study\cocos2d-x\tankstrike\cocos2d\cocos\editor-support\spine\proj.win32\debug.win32\cocos2dattachmentloader.obj
i:\_projects\cocos2d-x\study\cocos2d-x\tankstrike\cocos2d\cocos\editor-support\spine\proj.win32\debug.win32\spine-cocos2dx.obj
i:\_projects\cocos2d-x\study\cocos2d-x\tankstrike\proj.win32\debug.win32\libspine.lib
i:\_projects\cocos2d-x\study\cocos2d-x\tankstrike\cocos2d\cocos\editor-support\spine\proj.win32\debug.win32\libspine.idb
i:\_projects\cocos2d-x\study\cocos2d-x\tankstrike\cocos2d\cocos\editor-support\spine\proj.win32\debug.win32\libspine.tlog\cl.12316.write.1.tlog
i:\_projects\cocos2d-x\study\cocos2d-x\tankstrike\cocos2d\cocos\editor-support\spine\proj.win32\debug.win32\libspine.tlog\cl.command.1.tlog
i:\_projects\cocos2d-x\study\cocos2d-x\tankstrike\cocos2d\cocos\editor-support\spine\proj.win32\debug.win32\libspine.tlog\cl.read.1.tlog
i:\_projects\cocos2d-x\study\cocos2d-x\tankstrike\cocos2d\cocos\editor-support\spine\proj.win32\debug.win32\libspine.tlog\lib-link.read.1.tlog
i:\_projects\cocos2d-x\study\cocos2d-x\tankstrike\cocos2d\cocos\editor-support\spine\proj.win32\debug.win32\libspine.tlog\lib-link.write.1.tlog
i:\_projects\cocos2d-x\study\cocos2d-x\tankstrike\cocos2d\cocos\editor-support\spine\proj.win32\debug.win32\libspine.tlog\lib.command.1.tlog
