i:\_projects\cocos2d-x\study\cocos2d-x\tankstrike\cocos2d\cocos\2d\debug.win32\libcocos2d.pch
i:\_projects\cocos2d-x\study\cocos2d-x\tankstrike\cocos2d\cocos\2d\debug.win32\precheader.obj
i:\_projects\cocos2d-x\study\cocos2d-x\tankstrike\cocos2d\cocos\2d\debug.win32\assetsmanager.obj
i:\_projects\cocos2d-x\study\cocos2d-x\tankstrike\cocos2d\cocos\2d\debug.win32\cccontrolcolourpicker.obj
i:\_projects\cocos2d-x\study\cocos2d-x\tankstrike\cocos2d\cocos\2d\debug.win32\cccontrolslider.obj
i:\_projects\cocos2d-x\study\cocos2d-x\tankstrike\cocos2d\cocos\2d\debug.win32\ccinvocation.obj
i:\_projects\cocos2d-x\study\cocos2d-x\tankstrike\cocos2d\cocos\2d\debug.win32\ccparticle3daffector.obj
i:\_projects\cocos2d-x\study\cocos2d-x\tankstrike\cocos2d\cocos\2d\debug.win32\ccpuaffector.obj
i:\_projects\cocos2d-x\study\cocos2d-x\tankstrike\cocos2d\cocos\2d\debug.win32\ccpualignaffector.obj
i:\_projects\cocos2d-x\study\cocos2d-x\tankstrike\cocos2d\cocos\2d\debug.win32\ccpubeamrender.obj
i:\_projects\cocos2d-x\study\cocos2d-x\tankstrike\cocos2d\cocos\2d\debug.win32\ccpuboxcollider.obj
i:\_projects\cocos2d-x\study\cocos2d-x\tankstrike\cocos2d\cocos\2d\debug.win32\ccpucircleemitter.obj
i:\_projects\cocos2d-x\study\cocos2d-x\tankstrike\cocos2d\cocos\2d\debug.win32\ccpucoloraffector.obj
i:\_projects\cocos2d-x\study\cocos2d-x\tankstrike\cocos2d\cocos\2d\debug.win32\ccpudoenablecomponenteventhandlertranslator.obj
i:\_projects\cocos2d-x\study\cocos2d-x\tankstrike\cocos2d\cocos\2d\debug.win32\ccpudoplacementparticleeventhandler.obj
i:\_projects\cocos2d-x\study\cocos2d-x\tankstrike\cocos2d\cocos\2d\debug.win32\ccpudostopsystemeventhandler.obj
i:\_projects\cocos2d-x\study\cocos2d-x\tankstrike\cocos2d\cocos\2d\debug.win32\ccpudynamicattribute.obj
i:\_projects\cocos2d-x\study\cocos2d-x\tankstrike\cocos2d\cocos\2d\debug.win32\ccpudynamicattributetranslator.obj
i:\_projects\cocos2d-x\study\cocos2d-x\tankstrike\cocos2d\cocos\2d\debug.win32\ccpueventhandler.obj
i:\_projects\cocos2d-x\study\cocos2d-x\tankstrike\cocos2d\cocos\2d\debug.win32\ccpueventhandlermanager.obj
i:\_projects\cocos2d-x\study\cocos2d-x\tankstrike\cocos2d\cocos\2d\debug.win32\ccpuforcefield.obj
i:\_projects\cocos2d-x\study\cocos2d-x\tankstrike\cocos2d\cocos\2d\debug.win32\ccpuforcefieldaffector.obj
i:\_projects\cocos2d-x\study\cocos2d-x\tankstrike\cocos2d\cocos\2d\debug.win32\ccpugeometryrotatortranslator.obj
i:\_projects\cocos2d-x\study\cocos2d-x\tankstrike\cocos2d\cocos\2d\debug.win32\ccpuinterparticlecollidertranslator.obj
i:\_projects\cocos2d-x\study\cocos2d-x\tankstrike\cocos2d\cocos\2d\debug.win32\ccpulinearforceaffectortranslator.obj
i:\_projects\cocos2d-x\study\cocos2d-x\tankstrike\cocos2d\cocos\2d\debug.win32\ccpulistener.obj
i:\_projects\cocos2d-x\study\cocos2d-x\tankstrike\cocos2d\cocos\2d\debug.win32\ccpumaterialmanager.obj
i:\_projects\cocos2d-x\study\cocos2d-x\tankstrike\cocos2d\cocos\2d\debug.win32\ccpumeshsurfaceemittertranslator.obj
i:\_projects\cocos2d-x\study\cocos2d-x\tankstrike\cocos2d\cocos\2d\debug.win32\ccpuoncollisionobserver.obj
i:\_projects\cocos2d-x\study\cocos2d-x\tankstrike\cocos2d\cocos\2d\debug.win32\ccpuoncountobservertranslator.obj
i:\_projects\cocos2d-x\study\cocos2d-x\tankstrike\cocos2d\cocos\2d\debug.win32\ccpuonexpireobserver.obj
i:\_projects\cocos2d-x\study\cocos2d-x\tankstrike\cocos2d\cocos\2d\debug.win32\ccpuonpositionobserver.obj
i:\_projects\cocos2d-x\study\cocos2d-x\tankstrike\cocos2d\cocos\2d\debug.win32\ccpuonquotaobserver.obj
i:\_projects\cocos2d-x\study\cocos2d-x\tankstrike\cocos2d\cocos\2d\debug.win32\ccpuontimeobserver.obj
i:\_projects\cocos2d-x\study\cocos2d-x\tankstrike\cocos2d\cocos\2d\debug.win32\ccpuonvelocityobservertranslator.obj
i:\_projects\cocos2d-x\study\cocos2d-x\tankstrike\cocos2d\cocos\2d\debug.win32\ccpupathfollower.obj
i:\_projects\cocos2d-x\study\cocos2d-x\tankstrike\cocos2d\cocos\2d\debug.win32\ccpuplanecollidertranslator.obj
i:\_projects\cocos2d-x\study\cocos2d-x\tankstrike\cocos2d\cocos\2d\debug.win32\ccpurandomiser.obj
i:\_projects\cocos2d-x\study\cocos2d-x\tankstrike\cocos2d\cocos\2d\debug.win32\ccpurender.obj
i:\_projects\cocos2d-x\study\cocos2d-x\tankstrike\cocos2d\cocos\2d\debug.win32\ccpuscaleaffector.obj
i:\_projects\cocos2d-x\study\cocos2d-x\tankstrike\cocos2d\cocos\2d\debug.win32\ccpuscalevelocityaffectortranslator.obj
i:\_projects\cocos2d-x\study\cocos2d-x\tankstrike\cocos2d\cocos\2d\debug.win32\ccpusineforceaffectortranslator.obj
i:\_projects\cocos2d-x\study\cocos2d-x\tankstrike\cocos2d\cocos\2d\debug.win32\ccpusphere.obj
i:\_projects\cocos2d-x\study\cocos2d-x\tankstrike\cocos2d\cocos\2d\debug.win32\ccpuspherecollider.obj
i:\_projects\cocos2d-x\study\cocos2d-x\tankstrike\cocos2d\cocos\2d\debug.win32\ccputextureanimatortranslator.obj
i:\_projects\cocos2d-x\study\cocos2d-x\tankstrike\cocos2d\cocos\2d\debug.win32\ccputranslatemanager.obj
i:\_projects\cocos2d-x\study\cocos2d-x\tankstrike\cocos2d\cocos\2d\debug.win32\ccpuvortexaffector.obj
i:\_projects\cocos2d-x\study\cocos2d-x\tankstrike\cocos2d\cocos\2d\debug.win32\idl_gen_fbs.obj
i:\_projects\cocos2d-x\study\cocos2d-x\tankstrike\cocos2d\cocos\2d\debug.win32\idl_gen_general.obj
i:\_projects\cocos2d-x\study\cocos2d-x\tankstrike\cocos2d\cocos\2d\debug.win32\shapes.obj
i:\_projects\cocos2d-x\study\cocos2d-x\tankstrike\cocos2d\cocos\2d\debug.win32\sweep.obj
i:\_projects\cocos2d-x\study\cocos2d-x\tankstrike\cocos2d\cocos\2d\debug.win32\ioapi_mem.obj
i:\_projects\cocos2d-x\study\cocos2d-x\tankstrike\cocos2d\cocos\2d\debug.win32\ioapi.obj
i:\_projects\cocos2d-x\study\cocos2d-x\tankstrike\cocos2d\cocos\2d\debug.win32\ccaabb.obj
i:\_projects\cocos2d-x\study\cocos2d-x\tankstrike\cocos2d\cocos\2d\debug.win32\ccattachnode.obj
i:\_projects\cocos2d-x\study\cocos2d-x\tankstrike\cocos2d\cocos\2d\debug.win32\ccbillboard.obj
i:\_projects\cocos2d-x\study\cocos2d-x\tankstrike\cocos2d\cocos\2d\debug.win32\ccbundle3d.obj
i:\_projects\cocos2d-x\study\cocos2d-x\tankstrike\cocos2d\cocos\2d\debug.win32\ccsprite3d.obj
i:\_projects\cocos2d-x\study\cocos2d-x\tankstrike\cocos2d\cocos\2d\debug.win32\audiocache.obj
i:\_projects\cocos2d-x\study\cocos2d-x\tankstrike\cocos2d\cocos\2d\debug.win32\audiodecodermanager.obj
i:\_projects\cocos2d-x\study\cocos2d-x\tankstrike\cocos2d\cocos\2d\debug.win32\audiodecoderogg.obj
i:\_projects\cocos2d-x\study\cocos2d-x\tankstrike\cocos2d\cocos\2d\debug.win32\audioplayer.obj
i:\_projects\cocos2d-x\study\cocos2d-x\tankstrike\cocos2d\cocos\2d\debug.win32\ccallocatordiagnostics.obj
i:\_projects\cocos2d-x\study\cocos2d-x\tankstrike\cocos2d\cocos\2d\debug.win32\ccallocatorglobal.obj
i:\_projects\cocos2d-x\study\cocos2d-x\tankstrike\cocos2d\cocos\2d\debug.win32\atitc.obj
i:\_projects\cocos2d-x\study\cocos2d-x\tankstrike\cocos2d\cocos\2d\debug.win32\base64.obj
i:\_projects\cocos2d-x\study\cocos2d-x\tankstrike\cocos2d\cocos\2d\debug.win32\ccautoreleasepool.obj
i:\_projects\cocos2d-x\study\cocos2d-x\tankstrike\cocos2d\cocos\2d\debug.win32\ccconfiguration.obj
i:\_projects\cocos2d-x\study\cocos2d-x\tankstrike\cocos2d\cocos\2d\debug.win32\cccontroller-linux-win32.obj
i:\_projects\cocos2d-x\study\cocos2d-x\tankstrike\cocos2d\cocos\2d\debug.win32\cceventkeyboard.obj
i:\_projects\cocos2d-x\study\cocos2d-x\tankstrike\cocos2d\cocos\2d\debug.win32\cceventlistener.obj
i:\_projects\cocos2d-x\study\cocos2d-x\tankstrike\cocos2d\cocos\2d\debug.win32\cceventlistenercontroller.obj
i:\_projects\cocos2d-x\study\cocos2d-x\tankstrike\cocos2d\cocos\2d\debug.win32\cceventlistenermouse.obj
i:\_projects\cocos2d-x\study\cocos2d-x\tankstrike\cocos2d\cocos\2d\debug.win32\cceventmouse.obj
i:\_projects\cocos2d-x\study\cocos2d-x\tankstrike\cocos2d\cocos\2d\debug.win32\ccimedispatcher.obj
i:\_projects\cocos2d-x\study\cocos2d-x\tankstrike\cocos2d\cocos\2d\debug.win32\ccprofiling.obj
i:\_projects\cocos2d-x\study\cocos2d-x\tankstrike\cocos2d\cocos\2d\debug.win32\ccscheduler.obj
i:\_projects\cocos2d-x\study\cocos2d-x\tankstrike\cocos2d\cocos\2d\debug.win32\ccvalue.obj
i:\_projects\cocos2d-x\study\cocos2d-x\tankstrike\cocos2d\cocos\2d\debug.win32\ccbsequence.obj
i:\_projects\cocos2d-x\study\cocos2d-x\tankstrike\cocos2d\cocos\2d\debug.win32\ccbsequenceproperty.obj
i:\_projects\cocos2d-x\study\cocos2d-x\tankstrike\cocos2d\cocos\2d\debug.win32\cccontrolbuttonloader.obj
i:\_projects\cocos2d-x\study\cocos2d-x\tankstrike\cocos2d\cocos\2d\debug.win32\cclayercolorloader.obj
i:\_projects\cocos2d-x\study\cocos2d-x\tankstrike\cocos2d\cocos\2d\debug.win32\ccmenuitemloader.obj
i:\_projects\cocos2d-x\study\cocos2d-x\tankstrike\cocos2d\cocos\2d\debug.win32\ccparticlesystemquadloader.obj
i:\_projects\cocos2d-x\study\cocos2d-x\tankstrike\cocos2d\cocos\2d\debug.win32\ccactiontimeline.obj
i:\_projects\cocos2d-x\study\cocos2d-x\tankstrike\cocos2d\cocos\2d\debug.win32\ccactiontimelinenode.obj
i:\_projects\cocos2d-x\study\cocos2d-x\tankstrike\cocos2d\cocos\2d\debug.win32\ccskinnode.obj
i:\_projects\cocos2d-x\study\cocos2d-x\tankstrike\cocos2d\cocos\2d\debug.win32\csloader.obj
i:\_projects\cocos2d-x\study\cocos2d-x\tankstrike\cocos2d\cocos\2d\debug.win32\cccolliderdetector.obj
i:\_projects\cocos2d-x\study\cocos2d-x\tankstrike\cocos2d\cocos\2d\debug.win32\ccdatas.obj
i:\_projects\cocos2d-x\study\cocos2d-x\tankstrike\cocos2d\cocos\2d\debug.win32\ccdisplaymanager.obj
i:\_projects\cocos2d-x\study\cocos2d-x\tankstrike\cocos2d\cocos\2d\debug.win32\ccskin.obj
i:\_projects\cocos2d-x\study\cocos2d-x\tankstrike\cocos2d\cocos\2d\debug.win32\ccutilmath.obj
i:\_projects\cocos2d-x\study\cocos2d-x\tankstrike\cocos2d\cocos\2d\debug.win32\cocoloader.obj
i:\_projects\cocos2d-x\study\cocos2d-x\tankstrike\cocos2d\cocos\2d\debug.win32\cocostudio.obj
i:\_projects\cocos2d-x\study\cocos2d-x\tankstrike\cocos2d\cocos\2d\debug.win32\triggerobj.obj
i:\_projects\cocos2d-x\study\cocos2d-x\tankstrike\cocos2d\cocos\2d\debug.win32\gamemapreader.obj
i:\_projects\cocos2d-x\study\cocos2d-x\tankstrike\cocos2d\cocos\2d\debug.win32\layoutreader.obj
i:\_projects\cocos2d-x\study\cocos2d-x\tankstrike\cocos2d\cocos\2d\debug.win32\loadingbarreader.obj
i:\_projects\cocos2d-x\study\cocos2d-x\tankstrike\cocos2d\cocos\2d\debug.win32\scrollviewreader.obj
i:\_projects\cocos2d-x\study\cocos2d-x\tankstrike\cocos2d\cocos\2d\debug.win32\spritereader.obj
i:\_projects\cocos2d-x\study\cocos2d-x\tankstrike\cocos2d\cocos\2d\debug.win32\textfieldreader.obj
i:\_projects\cocos2d-x\study\cocos2d-x\tankstrike\cocos2d\cocos\2d\debug.win32\usercamerareader.obj
i:\_projects\cocos2d-x\study\cocos2d-x\tankstrike\cocos2d\cocos\2d\debug.win32\ccnavmeshagent.obj
i:\_projects\cocos2d-x\study\cocos2d-x\tankstrike\cocos2d\cocos\2d\debug.win32\ccnavmeshobstacle.obj
i:\_projects\cocos2d-x\study\cocos2d-x\tankstrike\cocos2d\cocos\2d\debug.win32\ccdownloader-curl.obj
i:\_projects\cocos2d-x\study\cocos2d-x\tankstrike\cocos2d\cocos\2d\debug.win32\uri.obj
i:\_projects\cocos2d-x\study\cocos2d-x\tankstrike\cocos2d\cocos\2d\debug.win32\ccphysics3ddebugdrawer.obj
i:\_projects\cocos2d-x\study\cocos2d-x\tankstrike\cocos2d\cocos\2d\debug.win32\ccphysicssprite3d.obj
i:\_projects\cocos2d-x\study\cocos2d-x\tankstrike\cocos2d\cocos\2d\debug.win32\ccglview.obj
i:\_projects\cocos2d-x\study\cocos2d-x\tankstrike\cocos2d\cocos\2d\debug.win32\ccimage.obj
i:\_projects\cocos2d-x\study\cocos2d-x\tankstrike\cocos2d\cocos\2d\debug.win32\cccommon-win32.obj
i:\_projects\cocos2d-x\study\cocos2d-x\tankstrike\cocos2d\cocos\2d\debug.win32\ccstdc-win32.obj
i:\_projects\cocos2d-x\study\cocos2d-x\tankstrike\cocos2d\cocos\2d\debug.win32\cccustomcommand.obj
i:\_projects\cocos2d-x\study\cocos2d-x\tankstrike\cocos2d\cocos\2d\debug.win32\ccglprogramcache.obj
i:\_projects\cocos2d-x\study\cocos2d-x\tankstrike\cocos2d\cocos\2d\debug.win32\ccglprogramstatecache.obj
i:\_projects\cocos2d-x\study\cocos2d-x\tankstrike\cocos2d\cocos\2d\debug.win32\ccglstatecache.obj
i:\_projects\cocos2d-x\study\cocos2d-x\tankstrike\cocos2d\cocos\2d\debug.win32\ccgroupcommand.obj
i:\_projects\cocos2d-x\study\cocos2d-x\tankstrike\cocos2d\cocos\2d\debug.win32\ccmaterial.obj
i:\_projects\cocos2d-x\study\cocos2d-x\tankstrike\cocos2d\cocos\2d\debug.win32\ccmeshcommand.obj
i:\_projects\cocos2d-x\study\cocos2d-x\tankstrike\cocos2d\cocos\2d\debug.win32\ccpass.obj
i:\_projects\cocos2d-x\study\cocos2d-x\tankstrike\cocos2d\cocos\2d\debug.win32\ccprimitive.obj
i:\_projects\cocos2d-x\study\cocos2d-x\tankstrike\cocos2d\cocos\2d\debug.win32\ccprimitivecommand.obj
i:\_projects\cocos2d-x\study\cocos2d-x\tankstrike\cocos2d\cocos\2d\debug.win32\ccquadcommand.obj
i:\_projects\cocos2d-x\study\cocos2d-x\tankstrike\cocos2d\cocos\2d\debug.win32\ccrendercommand.obj
i:\_projects\cocos2d-x\study\cocos2d-x\tankstrike\cocos2d\cocos\2d\debug.win32\ccrenderer.obj
i:\_projects\cocos2d-x\study\cocos2d-x\tankstrike\cocos2d\cocos\2d\debug.win32\ccrenderstate.obj
i:\_projects\cocos2d-x\study\cocos2d-x\tankstrike\cocos2d\cocos\2d\debug.win32\cctexture2d.obj
i:\_projects\cocos2d-x\study\cocos2d-x\tankstrike\cocos2d\cocos\2d\debug.win32\cctexturecube.obj
i:\_projects\cocos2d-x\study\cocos2d-x\tankstrike\cocos2d\cocos\2d\debug.win32\ccvertexindexbuffer.obj
i:\_projects\cocos2d-x\study\cocos2d-x\tankstrike\cocos2d\cocos\2d\debug.win32\localstorage.obj
i:\_projects\cocos2d-x\study\cocos2d-x\tankstrike\cocos2d\cocos\2d\debug.win32\cocosgui.obj
i:\_projects\cocos2d-x\study\cocos2d-x\tankstrike\cocos2d\cocos\2d\debug.win32\uiradiobutton.obj
i:\_projects\cocos2d-x\study\cocos2d-x\tankstrike\cocos2d\cocos\2d\debug.win32\uilistview.obj
i:\_projects\cocos2d-x\study\cocos2d-x\tankstrike\cocos2d\cocos\2d\debug.win32\uiscrollview.obj
i:\_projects\cocos2d-x\study\cocos2d-x\tankstrike\cocos2d\cocos\2d\debug.win32\ccvrdistortion.obj
i:\_projects\cocos2d-x\study\cocos2d-x\tankstrike\cocos2d\cocos\2d\debug.win32\ccvrdistortionmesh.obj
i:\_projects\cocos2d-x\study\cocos2d-x\tankstrike\cocos2d\cocos\2d\debug.win32\ccvrgenericheadtracker.obj
i:\_projects\cocos2d-x\study\cocos2d-x\tankstrike\cocos2d\cocos\2d\debug.win32\ccvrgenericrenderer.obj
i:\_projects\cocos2d-x\study\cocos2d-x\tankstrike\cocos2d\cocos\2d\debug.win32\ccaction.obj
i:\_projects\cocos2d-x\study\cocos2d-x\tankstrike\cocos2d\cocos\2d\debug.win32\ccactioncamera.obj
i:\_projects\cocos2d-x\study\cocos2d-x\tankstrike\cocos2d\cocos\2d\debug.win32\ccactioncatmullrom.obj
i:\_projects\cocos2d-x\study\cocos2d-x\tankstrike\cocos2d\cocos\2d\debug.win32\ccactionease.obj
i:\_projects\cocos2d-x\study\cocos2d-x\tankstrike\cocos2d\cocos\2d\debug.win32\ccactiongrid.obj
i:\_projects\cocos2d-x\study\cocos2d-x\tankstrike\cocos2d\cocos\2d\debug.win32\ccactioninstant.obj
i:\_projects\cocos2d-x\study\cocos2d-x\tankstrike\cocos2d\cocos\2d\debug.win32\ccactionmanager.obj
i:\_projects\cocos2d-x\study\cocos2d-x\tankstrike\cocos2d\cocos\2d\debug.win32\ccactionpageturn3d.obj
i:\_projects\cocos2d-x\study\cocos2d-x\tankstrike\cocos2d\cocos\2d\debug.win32\ccactionprogresstimer.obj
i:\_projects\cocos2d-x\study\cocos2d-x\tankstrike\cocos2d\cocos\2d\debug.win32\ccactiontiledgrid.obj
i:\_projects\cocos2d-x\study\cocos2d-x\tankstrike\cocos2d\cocos\2d\debug.win32\ccactiontween.obj
i:\_projects\cocos2d-x\study\cocos2d-x\tankstrike\cocos2d\cocos\2d\debug.win32\ccanimationcache.obj
i:\_projects\cocos2d-x\study\cocos2d-x\tankstrike\cocos2d\cocos\2d\debug.win32\ccfontatlas.obj
i:\_projects\cocos2d-x\study\cocos2d-x\tankstrike\cocos2d\cocos\2d\debug.win32\cclabelttf.obj
i:\_projects\cocos2d-x\study\cocos2d-x\tankstrike\cocos2d\cocos\2d\debug.win32\cclayer.obj
i:\_projects\cocos2d-x\study\cocos2d-x\tankstrike\cocos2d\cocos\2d\debug.win32\ccprogresstimer.obj
i:\_projects\cocos2d-x\study\cocos2d-x\tankstrike\cocos2d\cocos\2d\debug.win32\ccsprite.obj
i:\_projects\cocos2d-x\study\cocos2d-x\tankstrike\cocos2d\cocos\2d\debug.win32\ccspritebatchnode.obj
i:\_projects\cocos2d-x\study\cocos2d-x\tankstrike\cocos2d\cocos\2d\debug.win32\cctextfieldttf.obj
i:\_projects\cocos2d-x\study\cocos2d-x\tankstrike\cocos2d\cocos\2d\debug.win32\cctmxlayer.obj
i:\_projects\cocos2d-x\study\cocos2d-x\tankstrike\cocos2d\cocos\2d\debug.win32\cctmxobjectgroup.obj
i:\_projects\cocos2d-x\study\cocos2d-x\tankstrike\cocos2d\cocos\2d\debug.win32\cctmxxmlparser.obj
i:\_projects\cocos2d-x\study\cocos2d-x\tankstrike\cocos2d\cocos\2d\debug.win32\cctweenfunction.obj
i:\_projects\cocos2d-x\study\cocos2d-x\tankstrike\cocos2d\cocos\2d\debug.win32\cceventlistenerassetsmanagerex.obj
i:\_projects\cocos2d-x\study\cocos2d-x\tankstrike\cocos2d\cocos\2d\debug.win32\cccontrol.obj
i:\_projects\cocos2d-x\study\cocos2d-x\tankstrike\cocos2d\cocos\2d\debug.win32\cccontrolhuepicker.obj
i:\_projects\cocos2d-x\study\cocos2d-x\tankstrike\cocos2d\cocos\2d\debug.win32\cccontrolswitch.obj
i:\_projects\cocos2d-x\study\cocos2d-x\tankstrike\cocos2d\cocos\2d\debug.win32\cctableviewcell.obj
i:\_projects\cocos2d-x\study\cocos2d-x\tankstrike\cocos2d\cocos\2d\debug.win32\ccparticle3demitter.obj
i:\_projects\cocos2d-x\study\cocos2d-x\tankstrike\cocos2d\cocos\2d\debug.win32\ccparticle3drender.obj
i:\_projects\cocos2d-x\study\cocos2d-x\tankstrike\cocos2d\cocos\2d\debug.win32\ccpualignaffectortranslator.obj
i:\_projects\cocos2d-x\study\cocos2d-x\tankstrike\cocos2d\cocos\2d\debug.win32\ccpubasecollidertranslator.obj
i:\_projects\cocos2d-x\study\cocos2d-x\tankstrike\cocos2d\cocos\2d\debug.win32\ccpubehaviourmanager.obj
i:\_projects\cocos2d-x\study\cocos2d-x\tankstrike\cocos2d\cocos\2d\debug.win32\ccpuboxcollidertranslator.obj
i:\_projects\cocos2d-x\study\cocos2d-x\tankstrike\cocos2d\cocos\2d\debug.win32\ccpucollisionavoidanceaffectortranslator.obj
i:\_projects\cocos2d-x\study\cocos2d-x\tankstrike\cocos2d\cocos\2d\debug.win32\ccpudoexpireeventhandler.obj
i:\_projects\cocos2d-x\study\cocos2d-x\tankstrike\cocos2d\cocos\2d\debug.win32\ccpudoexpireeventhandlertranslator.obj
i:\_projects\cocos2d-x\study\cocos2d-x\tankstrike\cocos2d\cocos\2d\debug.win32\ccpudoscaleeventhandler.obj
i:\_projects\cocos2d-x\study\cocos2d-x\tankstrike\cocos2d\cocos\2d\debug.win32\ccpudostopsystemeventhandlertranslator.obj
i:\_projects\cocos2d-x\study\cocos2d-x\tankstrike\cocos2d\cocos\2d\debug.win32\ccpuemittertranslator.obj
i:\_projects\cocos2d-x\study\cocos2d-x\tankstrike\cocos2d\cocos\2d\debug.win32\ccpuflockcenteringaffector.obj
i:\_projects\cocos2d-x\study\cocos2d-x\tankstrike\cocos2d\cocos\2d\debug.win32\ccpugeometryrotator.obj
i:\_projects\cocos2d-x\study\cocos2d-x\tankstrike\cocos2d\cocos\2d\debug.win32\ccpugravityaffectortranslator.obj
i:\_projects\cocos2d-x\study\cocos2d-x\tankstrike\cocos2d\cocos\2d\debug.win32\ccpujetaffectortranslator.obj
i:\_projects\cocos2d-x\study\cocos2d-x\tankstrike\cocos2d\cocos\2d\debug.win32\ccpulinearforceaffector.obj
i:\_projects\cocos2d-x\study\cocos2d-x\tankstrike\cocos2d\cocos\2d\debug.win32\ccpumeshsurfaceemitter.obj
i:\_projects\cocos2d-x\study\cocos2d-x\tankstrike\cocos2d\cocos\2d\debug.win32\ccpuobservermanager.obj
i:\_projects\cocos2d-x\study\cocos2d-x\tankstrike\cocos2d\cocos\2d\debug.win32\ccpuoncountobserver.obj
i:\_projects\cocos2d-x\study\cocos2d-x\tankstrike\cocos2d\cocos\2d\debug.win32\ccpuonemissionobserver.obj
i:\_projects\cocos2d-x\study\cocos2d-x\tankstrike\cocos2d\cocos\2d\debug.win32\ccpuonemissionobservertranslator.obj
i:\_projects\cocos2d-x\study\cocos2d-x\tankstrike\cocos2d\cocos\2d\debug.win32\ccpuonpositionobservertranslator.obj
i:\_projects\cocos2d-x\study\cocos2d-x\tankstrike\cocos2d\cocos\2d\debug.win32\ccpuonrandomobserver.obj
i:\_projects\cocos2d-x\study\cocos2d-x\tankstrike\cocos2d\cocos\2d\debug.win32\ccpuonvelocityobserver.obj
i:\_projects\cocos2d-x\study\cocos2d-x\tankstrike\cocos2d\cocos\2d\debug.win32\ccpuparticlefollower.obj
i:\_projects\cocos2d-x\study\cocos2d-x\tankstrike\cocos2d\cocos\2d\debug.win32\ccpuparticlesystem3dtranslator.obj
i:\_projects\cocos2d-x\study\cocos2d-x\tankstrike\cocos2d\cocos\2d\debug.win32\ccpuplane.obj
i:\_projects\cocos2d-x\study\cocos2d-x\tankstrike\cocos2d\cocos\2d\debug.win32\ccpupointemittertranslator.obj
i:\_projects\cocos2d-x\study\cocos2d-x\tankstrike\cocos2d\cocos\2d\debug.win32\ccpurandomisertranslator.obj
i:\_projects\cocos2d-x\study\cocos2d-x\tankstrike\cocos2d\cocos\2d\debug.win32\ccpuribbontrailrender.obj
i:\_projects\cocos2d-x\study\cocos2d-x\tankstrike\cocos2d\cocos\2d\debug.win32\ccpuscalevelocityaffector.obj
i:\_projects\cocos2d-x\study\cocos2d-x\tankstrike\cocos2d\cocos\2d\debug.win32\ccpuscriptlexer.obj
i:\_projects\cocos2d-x\study\cocos2d-x\tankstrike\cocos2d\cocos\2d\debug.win32\ccpuscripttranslator.obj
i:\_projects\cocos2d-x\study\cocos2d-x\tankstrike\cocos2d\cocos\2d\debug.win32\ccpuslavebehaviourtranslator.obj
i:\_projects\cocos2d-x\study\cocos2d-x\tankstrike\cocos2d\cocos\2d\debug.win32\ccpuspheresurfaceemitter.obj
i:\_projects\cocos2d-x\study\cocos2d-x\tankstrike\cocos2d\cocos\2d\debug.win32\ccputechniquetranslator.obj
i:\_projects\cocos2d-x\study\cocos2d-x\tankstrike\cocos2d\cocos\2d\debug.win32\ccputexturerotatortranslator.obj
i:\_projects\cocos2d-x\study\cocos2d-x\tankstrike\cocos2d\cocos\2d\debug.win32\ccpuvelocitymatchingaffector.obj
i:\_projects\cocos2d-x\study\cocos2d-x\tankstrike\cocos2d\cocos\2d\debug.win32\clipper.obj
i:\_projects\cocos2d-x\study\cocos2d-x\tankstrike\cocos2d\cocos\2d\debug.win32\idl_gen_text.obj
i:\_projects\cocos2d-x\study\cocos2d-x\tankstrike\cocos2d\cocos\2d\debug.win32\cdt.obj
i:\_projects\cocos2d-x\study\cocos2d-x\tankstrike\cocos2d\cocos\2d\debug.win32\tinyxml2.obj
i:\_projects\cocos2d-x\study\cocos2d-x\tankstrike\cocos2d\cocos\2d\debug.win32\xxhash.obj
i:\_projects\cocos2d-x\study\cocos2d-x\tankstrike\cocos2d\cocos\2d\debug.win32\ccanimation3d.obj
i:\_projects\cocos2d-x\study\cocos2d-x\tankstrike\cocos2d\cocos\2d\debug.win32\ccbundlereader.obj
i:\_projects\cocos2d-x\study\cocos2d-x\tankstrike\cocos2d\cocos\2d\debug.win32\ccmesh.obj
i:\_projects\cocos2d-x\study\cocos2d-x\tankstrike\cocos2d\cocos\2d\debug.win32\audioengine.obj
i:\_projects\cocos2d-x\study\cocos2d-x\tankstrike\cocos2d\cocos\2d\debug.win32\mciplayer.obj
i:\_projects\cocos2d-x\study\cocos2d-x\tankstrike\cocos2d\cocos\2d\debug.win32\simpleaudioengine.obj
i:\_projects\cocos2d-x\study\cocos2d-x\tankstrike\cocos2d\cocos\2d\debug.win32\ccallocatorglobalnewdelete.obj
i:\_projects\cocos2d-x\study\cocos2d-x\tankstrike\cocos2d\cocos\2d\debug.win32\ccasynctaskpool.obj
i:\_projects\cocos2d-x\study\cocos2d-x\tankstrike\cocos2d\cocos\2d\debug.win32\cccarray.obj
i:\_projects\cocos2d-x\study\cocos2d-x\tankstrike\cocos2d\cocos\2d\debug.win32\ccconsole.obj
i:\_projects\cocos2d-x\study\cocos2d-x\tankstrike\cocos2d\cocos\2d\debug.win32\cceventlistenerfocus.obj
i:\_projects\cocos2d-x\study\cocos2d-x\tankstrike\cocos2d\cocos\2d\debug.win32\cceventlistenertouch.obj
i:\_projects\cocos2d-x\study\cocos2d-x\tankstrike\cocos2d\cocos\2d\debug.win32\ccfpsimages.obj
i:\_projects\cocos2d-x\study\cocos2d-x\tankstrike\cocos2d\cocos\2d\debug.win32\ccstencilstatemanager.obj
i:\_projects\cocos2d-x\study\cocos2d-x\tankstrike\cocos2d\cocos\2d\debug.win32\ccproperties.obj
i:\_projects\cocos2d-x\study\cocos2d-x\tankstrike\cocos2d\cocos\2d\debug.win32\cctouch.obj
i:\_projects\cocos2d-x\study\cocos2d-x\tankstrike\cocos2d\cocos\2d\debug.win32\ccuserdefault.obj
i:\_projects\cocos2d-x\study\cocos2d-x\tankstrike\cocos2d\cocos\2d\debug.win32\ccutils.obj
i:\_projects\cocos2d-x\study\cocos2d-x\tankstrike\cocos2d\cocos\2d\debug.win32\s3tc.obj
i:\_projects\cocos2d-x\study\cocos2d-x\tankstrike\cocos2d\cocos\2d\debug.win32\tgalib.obj
i:\_projects\cocos2d-x\study\cocos2d-x\tankstrike\cocos2d\cocos\2d\debug.win32\ziputils.obj
i:\_projects\cocos2d-x\study\cocos2d-x\tankstrike\cocos2d\cocos\2d\debug.win32\ccdictionary.obj
i:\_projects\cocos2d-x\study\cocos2d-x\tankstrike\cocos2d\cocos\2d\debug.win32\ccstring.obj
i:\_projects\cocos2d-x\study\cocos2d-x\tankstrike\cocos2d\cocos\2d\debug.win32\ccbfileloader.obj
i:\_projects\cocos2d-x\study\cocos2d-x\tankstrike\cocos2d\cocos\2d\debug.win32\cccontrolloader.obj
i:\_projects\cocos2d-x\study\cocos2d-x\tankstrike\cocos2d\cocos\2d\debug.win32\cclayergradientloader.obj
i:\_projects\cocos2d-x\study\cocos2d-x\tankstrike\cocos2d\cocos\2d\debug.win32\ccnode+ccbrelativepositioning.obj
i:\_projects\cocos2d-x\study\cocos2d-x\tankstrike\cocos2d\cocos\2d\debug.win32\ccscale9spriteloader.obj
i:\_projects\cocos2d-x\study\cocos2d-x\tankstrike\cocos2d\cocos\2d\debug.win32\ccbonenode.obj
i:\_projects\cocos2d-x\study\cocos2d-x\tankstrike\cocos2d\cocos\2d\debug.win32\ccactionnode.obj
i:\_projects\cocos2d-x\study\cocos2d-x\tankstrike\cocos2d\cocos\2d\debug.win32\ccarmaturedatamanager.obj
i:\_projects\cocos2d-x\study\cocos2d-x\tankstrike\cocos2d\cocos\2d\debug.win32\ccbone.obj
i:\_projects\cocos2d-x\study\cocos2d-x\tankstrike\cocos2d\cocos\2d\debug.win32\ccdecorativedisplay.obj
i:\_projects\cocos2d-x\study\cocos2d-x\tankstrike\cocos2d\cocos\2d\debug.win32\ccdisplayfactory.obj
i:\_projects\cocos2d-x\study\cocos2d-x\tankstrike\cocos2d\cocos\2d\debug.win32\ccprocessbase.obj
i:\_projects\cocos2d-x\study\cocos2d-x\tankstrike\cocos2d\cocos\2d\debug.win32\ccspriteframecachehelper.obj
i:\_projects\cocos2d-x\study\cocos2d-x\tankstrike\cocos2d\cocos\2d\debug.win32\ccsscenereader.obj
i:\_projects\cocos2d-x\study\cocos2d-x\tankstrike\cocos2d\cocos\2d\debug.win32\triggerbase.obj
i:\_projects\cocos2d-x\study\cocos2d-x\tankstrike\cocos2d\cocos\2d\debug.win32\widgetcallbackhandlerprotocol.obj
i:\_projects\cocos2d-x\study\cocos2d-x\tankstrike\cocos2d\cocos\2d\debug.win32\armaturenodereader.obj
i:\_projects\cocos2d-x\study\cocos2d-x\tankstrike\cocos2d\cocos\2d\debug.win32\comaudioreader.obj
i:\_projects\cocos2d-x\study\cocos2d-x\tankstrike\cocos2d\cocos\2d\debug.win32\imageviewreader.obj
i:\_projects\cocos2d-x\study\cocos2d-x\tankstrike\cocos2d\cocos\2d\debug.win32\listviewreader.obj
i:\_projects\cocos2d-x\study\cocos2d-x\tankstrike\cocos2d\cocos\2d\debug.win32\particlereader.obj
i:\_projects\cocos2d-x\study\cocos2d-x\tankstrike\cocos2d\cocos\2d\debug.win32\skeletonnodereader.obj
i:\_projects\cocos2d-x\study\cocos2d-x\tankstrike\cocos2d\cocos\2d\debug.win32\sliderreader.obj
i:\_projects\cocos2d-x\study\cocos2d-x\tankstrike\cocos2d\cocos\2d\debug.win32\textbmfontreader.obj
i:\_projects\cocos2d-x\study\cocos2d-x\tankstrike\cocos2d\cocos\2d\debug.win32\sprite3dreader.obj
i:\_projects\cocos2d-x\study\cocos2d-x\tankstrike\cocos2d\cocos\2d\debug.win32\ccaffinetransform.obj
i:\_projects\cocos2d-x\study\cocos2d-x\tankstrike\cocos2d\cocos\2d\debug.win32\ccgeometry.obj
i:\_projects\cocos2d-x\study\cocos2d-x\tankstrike\cocos2d\cocos\2d\debug.win32\ccvertex.obj
i:\_projects\cocos2d-x\study\cocos2d-x\tankstrike\cocos2d\cocos\2d\debug.win32\mat4.obj
i:\_projects\cocos2d-x\study\cocos2d-x\tankstrike\cocos2d\cocos\2d\debug.win32\mathutil.obj
i:\_projects\cocos2d-x\study\cocos2d-x\tankstrike\cocos2d\cocos\2d\debug.win32\quaternion.obj
i:\_projects\cocos2d-x\study\cocos2d-x\tankstrike\cocos2d\cocos\2d\debug.win32\transformutils.obj
i:\_projects\cocos2d-x\study\cocos2d-x\tankstrike\cocos2d\cocos\2d\debug.win32\vec2.obj
i:\_projects\cocos2d-x\study\cocos2d-x\tankstrike\cocos2d\cocos\2d\debug.win32\vec3.obj
i:\_projects\cocos2d-x\study\cocos2d-x\tankstrike\cocos2d\cocos\2d\debug.win32\vec4.obj
i:\_projects\cocos2d-x\study\cocos2d-x\tankstrike\cocos2d\cocos\2d\debug.win32\ccnavmesh.obj
i:\_projects\cocos2d-x\study\cocos2d-x\tankstrike\cocos2d\cocos\2d\debug.win32\ccnavmeshdebugdraw.obj
i:\_projects\cocos2d-x\study\cocos2d-x\tankstrike\cocos2d\cocos\2d\debug.win32\ccnavmeshutils.obj
i:\_projects\cocos2d-x\study\cocos2d-x\tankstrike\cocos2d\cocos\2d\debug.win32\ccdownloader.obj
i:\_projects\cocos2d-x\study\cocos2d-x\tankstrike\cocos2d\cocos\2d\debug.win32\httpclient.obj
i:\_projects\cocos2d-x\study\cocos2d-x\tankstrike\cocos2d\cocos\2d\debug.win32\socketio.obj
i:\_projects\cocos2d-x\study\cocos2d-x\tankstrike\cocos2d\cocos\2d\debug.win32\ccphysics3dobject.obj
i:\_projects\cocos2d-x\study\cocos2d-x\tankstrike\cocos2d\cocos\2d\debug.win32\ccphysicsbody.obj
i:\_projects\cocos2d-x\study\cocos2d-x\tankstrike\cocos2d\cocos\2d\debug.win32\ccphysicscontact.obj
i:\_projects\cocos2d-x\study\cocos2d-x\tankstrike\cocos2d\cocos\2d\debug.win32\ccphysicsjoint.obj
i:\_projects\cocos2d-x\study\cocos2d-x\tankstrike\cocos2d\cocos\2d\debug.win32\ccphysicsshape.obj
i:\_projects\cocos2d-x\study\cocos2d-x\tankstrike\cocos2d\cocos\2d\debug.win32\ccphysicsworld.obj
i:\_projects\cocos2d-x\study\cocos2d-x\tankstrike\cocos2d\cocos\2d\debug.win32\ccsaxparser.obj
i:\_projects\cocos2d-x\study\cocos2d-x\tankstrike\cocos2d\cocos\2d\debug.win32\ccapplication-win32.obj
i:\_projects\cocos2d-x\study\cocos2d-x\tankstrike\cocos2d\cocos\2d\debug.win32\ccfileutils-win32.obj
i:\_projects\cocos2d-x\study\cocos2d-x\tankstrike\cocos2d\cocos\2d\debug.win32\cctrianglescommand.obj
i:\_projects\cocos2d-x\study\cocos2d-x\tankstrike\cocos2d\cocos\2d\debug.win32\ccvertexindexdata.obj
i:\_projects\cocos2d-x\study\cocos2d-x\tankstrike\cocos2d\cocos\2d\debug.win32\uiabstractcheckbutton.obj
i:\_projects\cocos2d-x\study\cocos2d-x\tankstrike\cocos2d\cocos\2d\debug.win32\uicheckbox.obj
i:\_projects\cocos2d-x\study\cocos2d-x\tankstrike\cocos2d\cocos\2d\debug.win32\uideprecated.obj
i:\_projects\cocos2d-x\study\cocos2d-x\tankstrike\cocos2d\cocos\2d\debug.win32\uieditboximpl-win32.obj
i:\_projects\cocos2d-x\study\cocos2d-x\tankstrike\cocos2d\cocos\2d\debug.win32\uihelper.obj
i:\_projects\cocos2d-x\study\cocos2d-x\tankstrike\cocos2d\cocos\2d\debug.win32\uilayoutcomponent.obj
i:\_projects\cocos2d-x\study\cocos2d-x\tankstrike\cocos2d\cocos\2d\debug.win32\uilayoutparameter.obj
i:\_projects\cocos2d-x\study\cocos2d-x\tankstrike\cocos2d\cocos\2d\debug.win32\uiloadingbar.obj
i:\_projects\cocos2d-x\study\cocos2d-x\tankstrike\cocos2d\cocos\2d\debug.win32\uipageview.obj
i:\_projects\cocos2d-x\study\cocos2d-x\tankstrike\cocos2d\cocos\2d\debug.win32\uitabcontrol.obj
i:\_projects\cocos2d-x\study\cocos2d-x\tankstrike\cocos2d\cocos\2d\debug.win32\ccactiongrid3d.obj
i:\_projects\cocos2d-x\study\cocos2d-x\tankstrike\cocos2d\cocos\2d\debug.win32\ccactioninterval.obj
i:\_projects\cocos2d-x\study\cocos2d-x\tankstrike\cocos2d\cocos\2d\debug.win32\ccfasttmxtiledmap.obj
i:\_projects\cocos2d-x\study\cocos2d-x\tankstrike\cocos2d\cocos\2d\debug.win32\ccfontfreetype.obj
i:\_projects\cocos2d-x\study\cocos2d-x\tankstrike\cocos2d\cocos\2d\debug.win32\cclabelatlas.obj
i:\_projects\cocos2d-x\study\cocos2d-x\tankstrike\cocos2d\cocos\2d\debug.win32\cclabelbmfont.obj
i:\_projects\cocos2d-x\study\cocos2d-x\tankstrike\cocos2d\cocos\2d\debug.win32\cclabeltextformatter.obj
i:\_projects\cocos2d-x\study\cocos2d-x\tankstrike\cocos2d\cocos\2d\debug.win32\cclight.obj
i:\_projects\cocos2d-x\study\cocos2d-x\tankstrike\cocos2d\cocos\2d\debug.win32\ccmenu.obj
i:\_projects\cocos2d-x\study\cocos2d-x\tankstrike\cocos2d\cocos\2d\debug.win32\ccmenuitem.obj
i:\_projects\cocos2d-x\study\cocos2d-x\tankstrike\cocos2d\cocos\2d\debug.win32\ccmotionstreak.obj
i:\_projects\cocos2d-x\study\cocos2d-x\tankstrike\cocos2d\cocos\2d\debug.win32\ccnode.obj
i:\_projects\cocos2d-x\study\cocos2d-x\tankstrike\cocos2d\cocos\2d\debug.win32\cctilemapatlas.obj
i:\_projects\cocos2d-x\study\cocos2d-x\tankstrike\cocos2d\cocos\2d\debug.win32\cctmxtiledmap.obj
i:\_projects\cocos2d-x\study\cocos2d-x\tankstrike\cocos2d\cocos\2d\debug.win32\cctransitionprogress.obj
i:\_projects\cocos2d-x\study\cocos2d-x\tankstrike\cocos2d\cocos\2d\debug.win32\cceventassetsmanagerex.obj
i:\_projects\cocos2d-x\study\cocos2d-x\tankstrike\cocos2d\cocos\2d\debug.win32\manifest.obj
i:\_projects\cocos2d-x\study\cocos2d-x\tankstrike\cocos2d\cocos\2d\debug.win32\cccontrolpotentiometer.obj
i:\_projects\cocos2d-x\study\cocos2d-x\tankstrike\cocos2d\cocos\2d\debug.win32\cccontrolstepper.obj
i:\_projects\cocos2d-x\study\cocos2d-x\tankstrike\cocos2d\cocos\2d\debug.win32\ccscrollview.obj
i:\_projects\cocos2d-x\study\cocos2d-x\tankstrike\cocos2d\cocos\2d\debug.win32\ccpuaffectormanager.obj
i:\_projects\cocos2d-x\study\cocos2d-x\tankstrike\cocos2d\cocos\2d\debug.win32\ccpubasecollider.obj
i:\_projects\cocos2d-x\study\cocos2d-x\tankstrike\cocos2d\cocos\2d\debug.win32\ccpubaseforceaffectortranslator.obj
i:\_projects\cocos2d-x\study\cocos2d-x\tankstrike\cocos2d\cocos\2d\debug.win32\ccpubillboardchain.obj
i:\_projects\cocos2d-x\study\cocos2d-x\tankstrike\cocos2d\cocos\2d\debug.win32\ccpuboxemittertranslator.obj
i:\_projects\cocos2d-x\study\cocos2d-x\tankstrike\cocos2d\cocos\2d\debug.win32\ccpucollisionavoidanceaffector.obj
i:\_projects\cocos2d-x\study\cocos2d-x\tankstrike\cocos2d\cocos\2d\debug.win32\ccpudoaffectoreventhandler.obj
i:\_projects\cocos2d-x\study\cocos2d-x\tankstrike\cocos2d\cocos\2d\debug.win32\ccpudoaffectoreventhandlertranslator.obj
i:\_projects\cocos2d-x\study\cocos2d-x\tankstrike\cocos2d\cocos\2d\debug.win32\ccpudofreezeeventhandlertranslator.obj
i:\_projects\cocos2d-x\study\cocos2d-x\tankstrike\cocos2d\cocos\2d\debug.win32\ccpudoscaleeventhandlertranslator.obj
i:\_projects\cocos2d-x\study\cocos2d-x\tankstrike\cocos2d\cocos\2d\debug.win32\ccpuemitter.obj
i:\_projects\cocos2d-x\study\cocos2d-x\tankstrike\cocos2d\cocos\2d\debug.win32\ccpueventhandlertranslator.obj
i:\_projects\cocos2d-x\study\cocos2d-x\tankstrike\cocos2d\cocos\2d\debug.win32\ccpuforcefieldaffectortranslator.obj
i:\_projects\cocos2d-x\study\cocos2d-x\tankstrike\cocos2d\cocos\2d\debug.win32\ccpuinterparticlecollider.obj
i:\_projects\cocos2d-x\study\cocos2d-x\tankstrike\cocos2d\cocos\2d\debug.win32\ccpujetaffector.obj
i:\_projects\cocos2d-x\study\cocos2d-x\tankstrike\cocos2d\cocos\2d\debug.win32\ccpulineemitter.obj
i:\_projects\cocos2d-x\study\cocos2d-x\tankstrike\cocos2d\cocos\2d\debug.win32\ccpumaterialtranslator.obj
i:\_projects\cocos2d-x\study\cocos2d-x\tankstrike\cocos2d\cocos\2d\debug.win32\ccpunoise.obj
i:\_projects\cocos2d-x\study\cocos2d-x\tankstrike\cocos2d\cocos\2d\debug.win32\ccpuobserver.obj
i:\_projects\cocos2d-x\study\cocos2d-x\tankstrike\cocos2d\cocos\2d\debug.win32\ccpuonclearobserver.obj
i:\_projects\cocos2d-x\study\cocos2d-x\tankstrike\cocos2d\cocos\2d\debug.win32\ccpuonclearobservertranslator.obj
i:\_projects\cocos2d-x\study\cocos2d-x\tankstrike\cocos2d\cocos\2d\debug.win32\ccpuoneventflagobserver.obj
i:\_projects\cocos2d-x\study\cocos2d-x\tankstrike\cocos2d\cocos\2d\debug.win32\ccpuonexpireobservertranslator.obj
i:\_projects\cocos2d-x\study\cocos2d-x\tankstrike\cocos2d\cocos\2d\debug.win32\ccpuonrandomobservertranslator.obj
i:\_projects\cocos2d-x\study\cocos2d-x\tankstrike\cocos2d\cocos\2d\debug.win32\ccpuparticlefollowertranslator.obj
i:\_projects\cocos2d-x\study\cocos2d-x\tankstrike\cocos2d\cocos\2d\debug.win32\ccpupathfollowertranslator.obj
i:\_projects\cocos2d-x\study\cocos2d-x\tankstrike\cocos2d\cocos\2d\debug.win32\ccpupointemitter.obj
i:\_projects\cocos2d-x\study\cocos2d-x\tankstrike\cocos2d\cocos\2d\debug.win32\ccpupositionemittertranslator.obj
i:\_projects\cocos2d-x\study\cocos2d-x\tankstrike\cocos2d\cocos\2d\debug.win32\ccpuribbontrail.obj
i:\_projects\cocos2d-x\study\cocos2d-x\tankstrike\cocos2d\cocos\2d\debug.win32\ccpuscaleaffectortranslator.obj
i:\_projects\cocos2d-x\study\cocos2d-x\tankstrike\cocos2d\cocos\2d\debug.win32\ccpuscriptparser.obj
i:\_projects\cocos2d-x\study\cocos2d-x\tankstrike\cocos2d\cocos\2d\debug.win32\ccpusimplespline.obj
i:\_projects\cocos2d-x\study\cocos2d-x\tankstrike\cocos2d\cocos\2d\debug.win32\ccpusineforceaffector.obj
i:\_projects\cocos2d-x\study\cocos2d-x\tankstrike\cocos2d\cocos\2d\debug.win32\ccpuslavebehaviour.obj
i:\_projects\cocos2d-x\study\cocos2d-x\tankstrike\cocos2d\cocos\2d\debug.win32\ccpuslaveemittertranslator.obj
i:\_projects\cocos2d-x\study\cocos2d-x\tankstrike\cocos2d\cocos\2d\debug.win32\ccpuspheresurfaceemittertranslator.obj
i:\_projects\cocos2d-x\study\cocos2d-x\tankstrike\cocos2d\cocos\2d\debug.win32\ccpuvelocitymatchingaffectortranslator.obj
i:\_projects\cocos2d-x\study\cocos2d-x\tankstrike\cocos2d\cocos\2d\debug.win32\ccphysicsdebugnode.obj
i:\_projects\cocos2d-x\study\cocos2d-x\tankstrike\cocos2d\cocos\2d\debug.win32\ccphysicssprite.obj
i:\_projects\cocos2d-x\study\cocos2d-x\tankstrike\cocos2d\cocos\2d\debug.win32\convertutf.obj
i:\_projects\cocos2d-x\study\cocos2d-x\tankstrike\cocos2d\cocos\2d\debug.win32\convertutfwrapper.obj
i:\_projects\cocos2d-x\study\cocos2d-x\tankstrike\cocos2d\cocos\2d\debug.win32\edtaa3func.obj
i:\_projects\cocos2d-x\study\cocos2d-x\tankstrike\cocos2d\cocos\2d\debug.win32\idl_gen_cpp.obj
i:\_projects\cocos2d-x\study\cocos2d-x\tankstrike\cocos2d\cocos\2d\debug.win32\idl_parser.obj
i:\_projects\cocos2d-x\study\cocos2d-x\tankstrike\cocos2d\cocos\2d\debug.win32\ccfrustum.obj
i:\_projects\cocos2d-x\study\cocos2d-x\tankstrike\cocos2d\cocos\2d\debug.win32\ccmeshskin.obj
i:\_projects\cocos2d-x\study\cocos2d-x\tankstrike\cocos2d\cocos\2d\debug.win32\ccmeshvertexindexdata.obj
i:\_projects\cocos2d-x\study\cocos2d-x\tankstrike\cocos2d\cocos\2d\debug.win32\ccobb.obj
i:\_projects\cocos2d-x\study\cocos2d-x\tankstrike\cocos2d\cocos\2d\debug.win32\ccobjloader.obj
i:\_projects\cocos2d-x\study\cocos2d-x\tankstrike\cocos2d\cocos\2d\debug.win32\cccontroller.obj
i:\_projects\cocos2d-x\study\cocos2d-x\tankstrike\cocos2d\cocos\2d\debug.win32\ccdata.obj
i:\_projects\cocos2d-x\study\cocos2d-x\tankstrike\cocos2d\cocos\2d\debug.win32\ccdatavisitor.obj
i:\_projects\cocos2d-x\study\cocos2d-x\tankstrike\cocos2d\cocos\2d\debug.win32\ccdirector.obj
i:\_projects\cocos2d-x\study\cocos2d-x\tankstrike\cocos2d\cocos\2d\debug.win32\cceventfocus.obj
i:\_projects\cocos2d-x\study\cocos2d-x\tankstrike\cocos2d\cocos\2d\debug.win32\cceventlisteneracceleration.obj
i:\_projects\cocos2d-x\study\cocos2d-x\tankstrike\cocos2d\cocos\2d\debug.win32\cceventlistenercustom.obj
i:\_projects\cocos2d-x\study\cocos2d-x\tankstrike\cocos2d\cocos\2d\debug.win32\cceventlistenerkeyboard.obj
i:\_projects\cocos2d-x\study\cocos2d-x\tankstrike\cocos2d\cocos\2d\debug.win32\cceventtouch.obj
i:\_projects\cocos2d-x\study\cocos2d-x\tankstrike\cocos2d\cocos\2d\debug.win32\ccninepatchimageparser.obj
i:\_projects\cocos2d-x\study\cocos2d-x\tankstrike\cocos2d\cocos\2d\debug.win32\ccns.obj
i:\_projects\cocos2d-x\study\cocos2d-x\tankstrike\cocos2d\cocos\2d\debug.win32\ccrandom.obj
i:\_projects\cocos2d-x\study\cocos2d-x\tankstrike\cocos2d\cocos\2d\debug.win32\ccref.obj
i:\_projects\cocos2d-x\study\cocos2d-x\tankstrike\cocos2d\cocos\2d\debug.win32\ccscriptsupport.obj
i:\_projects\cocos2d-x\study\cocos2d-x\tankstrike\cocos2d\cocos\2d\debug.win32\cctypes.obj
i:\_projects\cocos2d-x\study\cocos2d-x\tankstrike\cocos2d\cocos\2d\debug.win32\ccutf8.obj
i:\_projects\cocos2d-x\study\cocos2d-x\tankstrike\cocos2d\cocos\2d\debug.win32\etc1.obj
i:\_projects\cocos2d-x\study\cocos2d-x\tankstrike\cocos2d\cocos\2d\debug.win32\pvr.obj
i:\_projects\cocos2d-x\study\cocos2d-x\tankstrike\cocos2d\cocos\2d\debug.win32\objectfactory.obj
i:\_projects\cocos2d-x\study\cocos2d-x\tankstrike\cocos2d\cocos\2d\debug.win32\cocos2d.obj
i:\_projects\cocos2d-x\study\cocos2d-x\tankstrike\cocos2d\cocos\2d\debug.win32\ccarray.obj
i:\_projects\cocos2d-x\study\cocos2d-x\tankstrike\cocos2d\cocos\2d\debug.win32\ccdeprecated.obj
i:\_projects\cocos2d-x\study\cocos2d-x\tankstrike\cocos2d\cocos\2d\debug.win32\ccnotificationcenter.obj
i:\_projects\cocos2d-x\study\cocos2d-x\tankstrike\cocos2d\cocos\2d\debug.win32\ccset.obj
i:\_projects\cocos2d-x\study\cocos2d-x\tankstrike\cocos2d\cocos\2d\debug.win32\ccbanimationmanager.obj
i:\_projects\cocos2d-x\study\cocos2d-x\tankstrike\cocos2d\cocos\2d\debug.win32\cclabelbmfontloader.obj
i:\_projects\cocos2d-x\study\cocos2d-x\tankstrike\cocos2d\cocos\2d\debug.win32\cclayerloader.obj
i:\_projects\cocos2d-x\study\cocos2d-x\tankstrike\cocos2d\cocos\2d\debug.win32\ccnodeloaderlibrary.obj
i:\_projects\cocos2d-x\study\cocos2d-x\tankstrike\cocos2d\cocos\2d\debug.win32\ccspriteloader.obj
i:\_projects\cocos2d-x\study\cocos2d-x\tankstrike\cocos2d\cocos\2d\debug.win32\ccframe.obj
i:\_projects\cocos2d-x\study\cocos2d-x\tankstrike\cocos2d\cocos\2d\debug.win32\ccskeletonnode.obj
i:\_projects\cocos2d-x\study\cocos2d-x\tankstrike\cocos2d\cocos\2d\debug.win32\ccactionobject.obj
i:\_projects\cocos2d-x\study\cocos2d-x\tankstrike\cocos2d\cocos\2d\debug.win32\ccarmatureanimation.obj
i:\_projects\cocos2d-x\study\cocos2d-x\tankstrike\cocos2d\cocos\2d\debug.win32\ccarmaturedefine.obj
i:\_projects\cocos2d-x\study\cocos2d-x\tankstrike\cocos2d\cocos\2d\debug.win32\ccbatchnode.obj
i:\_projects\cocos2d-x\study\cocos2d-x\tankstrike\cocos2d\cocos\2d\debug.win32\cccomaudio.obj
i:\_projects\cocos2d-x\study\cocos2d-x\tankstrike\cocos2d\cocos\2d\debug.win32\cccomcontroller.obj
i:\_projects\cocos2d-x\study\cocos2d-x\tankstrike\cocos2d\cocos\2d\debug.win32\ccdatareaderhelper.obj
i:\_projects\cocos2d-x\study\cocos2d-x\tankstrike\cocos2d\cocos\2d\debug.win32\ccinputdelegate.obj
i:\_projects\cocos2d-x\study\cocos2d-x\tankstrike\cocos2d\cocos\2d\debug.win32\ccsguireader.obj
i:\_projects\cocos2d-x\study\cocos2d-x\tankstrike\cocos2d\cocos\2d\debug.win32\cctransformhelp.obj
i:\_projects\cocos2d-x\study\cocos2d-x\tankstrike\cocos2d\cocos\2d\debug.win32\localizationmanager.obj
i:\_projects\cocos2d-x\study\cocos2d-x\tankstrike\cocos2d\cocos\2d\debug.win32\triggermng.obj
i:\_projects\cocos2d-x\study\cocos2d-x\tankstrike\cocos2d\cocos\2d\debug.win32\checkboxreader.obj
i:\_projects\cocos2d-x\study\cocos2d-x\tankstrike\cocos2d\cocos\2d\debug.win32\light3dreader.obj
i:\_projects\cocos2d-x\study\cocos2d-x\tankstrike\cocos2d\cocos\2d\debug.win32\nodereaderdefine.obj
i:\_projects\cocos2d-x\study\cocos2d-x\tankstrike\cocos2d\cocos\2d\debug.win32\pageviewreader.obj
i:\_projects\cocos2d-x\study\cocos2d-x\tankstrike\cocos2d\cocos\2d\debug.win32\singlenodereader.obj
i:\_projects\cocos2d-x\study\cocos2d-x\tankstrike\cocos2d\cocos\2d\debug.win32\tabcontrolreader.obj
i:\_projects\cocos2d-x\study\cocos2d-x\tankstrike\cocos2d\cocos\2d\debug.win32\textreader.obj
i:\_projects\cocos2d-x\study\cocos2d-x\tankstrike\cocos2d\cocos\2d\debug.win32\particle3dreader.obj
i:\_projects\cocos2d-x\study\cocos2d-x\tankstrike\cocos2d\cocos\2d\debug.win32\websocket.obj
i:\_projects\cocos2d-x\study\cocos2d-x\tankstrike\cocos2d\cocos\2d\debug.win32\ccphysics3dconstraint.obj
i:\_projects\cocos2d-x\study\cocos2d-x\tankstrike\cocos2d\cocos\2d\debug.win32\ccphysics3dworld.obj
i:\_projects\cocos2d-x\study\cocos2d-x\tankstrike\cocos2d\cocos\2d\debug.win32\ccthread.obj
i:\_projects\cocos2d-x\study\cocos2d-x\tankstrike\cocos2d\cocos\2d\debug.win32\ccglviewimpl-desktop.obj
i:\_projects\cocos2d-x\study\cocos2d-x\tankstrike\cocos2d\cocos\2d\debug.win32\ccutils-win32.obj
i:\_projects\cocos2d-x\study\cocos2d-x\tankstrike\cocos2d\cocos\2d\debug.win32\ccglprogram.obj
i:\_projects\cocos2d-x\study\cocos2d-x\tankstrike\cocos2d\cocos\2d\debug.win32\ccshaders.obj
i:\_projects\cocos2d-x\study\cocos2d-x\tankstrike\cocos2d\cocos\2d\debug.win32\cctechnique.obj
i:\_projects\cocos2d-x\study\cocos2d-x\tankstrike\cocos2d\cocos\2d\debug.win32\cctextureatlas.obj
i:\_projects\cocos2d-x\study\cocos2d-x\tankstrike\cocos2d\cocos\2d\debug.win32\cctexturecache.obj
i:\_projects\cocos2d-x\study\cocos2d-x\tankstrike\cocos2d\cocos\2d\debug.win32\ccvertexattribbinding.obj
i:\_projects\cocos2d-x\study\cocos2d-x\tankstrike\cocos2d\cocos\2d\debug.win32\uibutton.obj
i:\_projects\cocos2d-x\study\cocos2d-x\tankstrike\cocos2d\cocos\2d\debug.win32\uieditboximpl-common.obj
i:\_projects\cocos2d-x\study\cocos2d-x\tankstrike\cocos2d\cocos\2d\debug.win32\uieditbox.obj
i:\_projects\cocos2d-x\study\cocos2d-x\tankstrike\cocos2d\cocos\2d\debug.win32\uihbox.obj
i:\_projects\cocos2d-x\study\cocos2d-x\tankstrike\cocos2d\cocos\2d\debug.win32\uiimageview.obj
i:\_projects\cocos2d-x\study\cocos2d-x\tankstrike\cocos2d\cocos\2d\debug.win32\uilayoutmanager.obj
i:\_projects\cocos2d-x\study\cocos2d-x\tankstrike\cocos2d\cocos\2d\debug.win32\uipageviewindicator.obj
i:\_projects\cocos2d-x\study\cocos2d-x\tankstrike\cocos2d\cocos\2d\debug.win32\uiscale9sprite.obj
i:\_projects\cocos2d-x\study\cocos2d-x\tankstrike\cocos2d\cocos\2d\debug.win32\uiscrollviewbar.obj
i:\_projects\cocos2d-x\study\cocos2d-x\tankstrike\cocos2d\cocos\2d\debug.win32\uislider.obj
i:\_projects\cocos2d-x\study\cocos2d-x\tankstrike\cocos2d\cocos\2d\debug.win32\uitext.obj
i:\_projects\cocos2d-x\study\cocos2d-x\tankstrike\cocos2d\cocos\2d\debug.win32\uitextatlas.obj
i:\_projects\cocos2d-x\study\cocos2d-x\tankstrike\cocos2d\cocos\2d\debug.win32\uitextbmfont.obj
i:\_projects\cocos2d-x\study\cocos2d-x\tankstrike\cocos2d\cocos\2d\debug.win32\uitextfield.obj
i:\_projects\cocos2d-x\study\cocos2d-x\tankstrike\cocos2d\cocos\2d\debug.win32\uivbox.obj
i:\_projects\cocos2d-x\study\cocos2d-x\tankstrike\cocos2d\cocos\2d\debug.win32\uiwebview.obj
i:\_projects\cocos2d-x\study\cocos2d-x\tankstrike\cocos2d\cocos\2d\debug.win32\uiwidget.obj
i:\_projects\cocos2d-x\study\cocos2d-x\tankstrike\cocos2d\cocos\2d\debug.win32\ccautopolygon.obj
i:\_projects\cocos2d-x\study\cocos2d-x\tankstrike\cocos2d\cocos\2d\debug.win32\ccfontatlascache.obj
i:\_projects\cocos2d-x\study\cocos2d-x\tankstrike\cocos2d\cocos\2d\debug.win32\ccfontcharmap.obj
i:\_projects\cocos2d-x\study\cocos2d-x\tankstrike\cocos2d\cocos\2d\debug.win32\ccfontfnt.obj
i:\_projects\cocos2d-x\study\cocos2d-x\tankstrike\cocos2d\cocos\2d\debug.win32\ccnodegrid.obj
i:\_projects\cocos2d-x\study\cocos2d-x\tankstrike\cocos2d\cocos\2d\debug.win32\ccparticlebatchnode.obj
i:\_projects\cocos2d-x\study\cocos2d-x\tankstrike\cocos2d\cocos\2d\debug.win32\ccparticlesystemquad.obj
i:\_projects\cocos2d-x\study\cocos2d-x\tankstrike\cocos2d\cocos\2d\debug.win32\ccprotectednode.obj
i:\_projects\cocos2d-x\study\cocos2d-x\tankstrike\cocos2d\cocos\2d\debug.win32\ccscene.obj
i:\_projects\cocos2d-x\study\cocos2d-x\tankstrike\cocos2d\cocos\2d\debug.win32\cctransition.obj
i:\_projects\cocos2d-x\study\cocos2d-x\tankstrike\cocos2d\cocos\2d\debug.win32\assetsmanagerex.obj
i:\_projects\cocos2d-x\study\cocos2d-x\tankstrike\cocos2d\cocos\2d\debug.win32\cccontrolbutton.obj
i:\_projects\cocos2d-x\study\cocos2d-x\tankstrike\cocos2d\cocos\2d\debug.win32\cccontrolsaturationbrightnesspicker.obj
i:\_projects\cocos2d-x\study\cocos2d-x\tankstrike\cocos2d\cocos\2d\debug.win32\cccontrolutils.obj
i:\_projects\cocos2d-x\study\cocos2d-x\tankstrike\cocos2d\cocos\2d\debug.win32\cctableview.obj
i:\_projects\cocos2d-x\study\cocos2d-x\tankstrike\cocos2d\cocos\2d\debug.win32\ccparticlesystem3d.obj
i:\_projects\cocos2d-x\study\cocos2d-x\tankstrike\cocos2d\cocos\2d\debug.win32\ccpuaffectortranslator.obj
i:\_projects\cocos2d-x\study\cocos2d-x\tankstrike\cocos2d\cocos\2d\debug.win32\ccpubaseforceaffector.obj
i:\_projects\cocos2d-x\study\cocos2d-x\tankstrike\cocos2d\cocos\2d\debug.win32\ccpubehaviour.obj
i:\_projects\cocos2d-x\study\cocos2d-x\tankstrike\cocos2d\cocos\2d\debug.win32\ccpubehaviourtranslator.obj
i:\_projects\cocos2d-x\study\cocos2d-x\tankstrike\cocos2d\cocos\2d\debug.win32\ccpuboxemitter.obj
i:\_projects\cocos2d-x\study\cocos2d-x\tankstrike\cocos2d\cocos\2d\debug.win32\ccpucircleemittertranslator.obj
i:\_projects\cocos2d-x\study\cocos2d-x\tankstrike\cocos2d\cocos\2d\debug.win32\ccpucoloraffectortranslator.obj
i:\_projects\cocos2d-x\study\cocos2d-x\tankstrike\cocos2d\cocos\2d\debug.win32\ccpudoenablecomponenteventhandler.obj
i:\_projects\cocos2d-x\study\cocos2d-x\tankstrike\cocos2d\cocos\2d\debug.win32\ccpudofreezeeventhandler.obj
i:\_projects\cocos2d-x\study\cocos2d-x\tankstrike\cocos2d\cocos\2d\debug.win32\ccpudoplacementparticleeventhandlertranslator.obj
i:\_projects\cocos2d-x\study\cocos2d-x\tankstrike\cocos2d\cocos\2d\debug.win32\ccpuemittermanager.obj
i:\_projects\cocos2d-x\study\cocos2d-x\tankstrike\cocos2d\cocos\2d\debug.win32\ccpuflockcenteringaffectortranslator.obj
i:\_projects\cocos2d-x\study\cocos2d-x\tankstrike\cocos2d\cocos\2d\debug.win32\ccpugravityaffector.obj
i:\_projects\cocos2d-x\study\cocos2d-x\tankstrike\cocos2d\cocos\2d\debug.win32\ccpulineaffector.obj
i:\_projects\cocos2d-x\study\cocos2d-x\tankstrike\cocos2d\cocos\2d\debug.win32\ccpulineaffectortranslator.obj
i:\_projects\cocos2d-x\study\cocos2d-x\tankstrike\cocos2d\cocos\2d\debug.win32\ccpulineemittertranslator.obj
i:\_projects\cocos2d-x\study\cocos2d-x\tankstrike\cocos2d\cocos\2d\debug.win32\ccpuobservertranslator.obj
i:\_projects\cocos2d-x\study\cocos2d-x\tankstrike\cocos2d\cocos\2d\debug.win32\ccpuoncollisionobservertranslator.obj
i:\_projects\cocos2d-x\study\cocos2d-x\tankstrike\cocos2d\cocos\2d\debug.win32\ccpuoneventflagobservertranslator.obj
i:\_projects\cocos2d-x\study\cocos2d-x\tankstrike\cocos2d\cocos\2d\debug.win32\ccpuonquotaobservertranslator.obj
i:\_projects\cocos2d-x\study\cocos2d-x\tankstrike\cocos2d\cocos\2d\debug.win32\ccpuontimeobservertranslator.obj
i:\_projects\cocos2d-x\study\cocos2d-x\tankstrike\cocos2d\cocos\2d\debug.win32\ccpuparticlesystem3d.obj
i:\_projects\cocos2d-x\study\cocos2d-x\tankstrike\cocos2d\cocos\2d\debug.win32\ccpuplanecollider.obj
i:\_projects\cocos2d-x\study\cocos2d-x\tankstrike\cocos2d\cocos\2d\debug.win32\ccpupositionemitter.obj
i:\_projects\cocos2d-x\study\cocos2d-x\tankstrike\cocos2d\cocos\2d\debug.win32\ccpurenderertranslator.obj
i:\_projects\cocos2d-x\study\cocos2d-x\tankstrike\cocos2d\cocos\2d\debug.win32\ccpuscriptcompiler.obj
i:\_projects\cocos2d-x\study\cocos2d-x\tankstrike\cocos2d\cocos\2d\debug.win32\ccpuslaveemitter.obj
i:\_projects\cocos2d-x\study\cocos2d-x\tankstrike\cocos2d\cocos\2d\debug.win32\ccpuspherecollidertranslator.obj
i:\_projects\cocos2d-x\study\cocos2d-x\tankstrike\cocos2d\cocos\2d\debug.win32\ccputextureanimator.obj
i:\_projects\cocos2d-x\study\cocos2d-x\tankstrike\cocos2d\cocos\2d\debug.win32\ccputexturerotator.obj
i:\_projects\cocos2d-x\study\cocos2d-x\tankstrike\cocos2d\cocos\2d\debug.win32\ccpuutil.obj
i:\_projects\cocos2d-x\study\cocos2d-x\tankstrike\cocos2d\cocos\2d\debug.win32\ccpuvertexemitter.obj
i:\_projects\cocos2d-x\study\cocos2d-x\tankstrike\cocos2d\cocos\2d\debug.win32\ccpuvortexaffectortranslator.obj
i:\_projects\cocos2d-x\study\cocos2d-x\tankstrike\cocos2d\cocos\2d\debug.win32\idl_gen_go.obj
i:\_projects\cocos2d-x\study\cocos2d-x\tankstrike\cocos2d\cocos\2d\debug.win32\md5.obj
i:\_projects\cocos2d-x\study\cocos2d-x\tankstrike\cocos2d\cocos\2d\debug.win32\advancing_front.obj
i:\_projects\cocos2d-x\study\cocos2d-x\tankstrike\cocos2d\cocos\2d\debug.win32\sweep_context.obj
i:\_projects\cocos2d-x\study\cocos2d-x\tankstrike\cocos2d\cocos\2d\debug.win32\unzip.obj
i:\_projects\cocos2d-x\study\cocos2d-x\tankstrike\cocos2d\cocos\2d\debug.win32\ccanimate3d.obj
i:\_projects\cocos2d-x\study\cocos2d-x\tankstrike\cocos2d\cocos\2d\debug.win32\ccmotionstreak3d.obj
i:\_projects\cocos2d-x\study\cocos2d-x\tankstrike\cocos2d\cocos\2d\debug.win32\ccplane.obj
i:\_projects\cocos2d-x\study\cocos2d-x\tankstrike\cocos2d\cocos\2d\debug.win32\ccray.obj
i:\_projects\cocos2d-x\study\cocos2d-x\tankstrike\cocos2d\cocos\2d\debug.win32\ccskeleton3d.obj
i:\_projects\cocos2d-x\study\cocos2d-x\tankstrike\cocos2d\cocos\2d\debug.win32\ccskybox.obj
i:\_projects\cocos2d-x\study\cocos2d-x\tankstrike\cocos2d\cocos\2d\debug.win32\ccsprite3dmaterial.obj
i:\_projects\cocos2d-x\study\cocos2d-x\tankstrike\cocos2d\cocos\2d\debug.win32\ccterrain.obj
i:\_projects\cocos2d-x\study\cocos2d-x\tankstrike\cocos2d\cocos\2d\debug.win32\audiodecoder.obj
i:\_projects\cocos2d-x\study\cocos2d-x\tankstrike\cocos2d\cocos\2d\debug.win32\audiodecodermp3.obj
i:\_projects\cocos2d-x\study\cocos2d-x\tankstrike\cocos2d\cocos\2d\debug.win32\audioengine-win32.obj
i:\_projects\cocos2d-x\study\cocos2d-x\tankstrike\cocos2d\cocos\2d\debug.win32\ccevent.obj
i:\_projects\cocos2d-x\study\cocos2d-x\tankstrike\cocos2d\cocos\2d\debug.win32\cceventacceleration.obj
i:\_projects\cocos2d-x\study\cocos2d-x\tankstrike\cocos2d\cocos\2d\debug.win32\cceventcontroller.obj
i:\_projects\cocos2d-x\study\cocos2d-x\tankstrike\cocos2d\cocos\2d\debug.win32\cceventcustom.obj
i:\_projects\cocos2d-x\study\cocos2d-x\tankstrike\cocos2d\cocos\2d\debug.win32\cceventdispatcher.obj
i:\_projects\cocos2d-x\study\cocos2d-x\tankstrike\cocos2d\cocos\2d\debug.win32\ccbkeyframe.obj
i:\_projects\cocos2d-x\study\cocos2d-x\tankstrike\cocos2d\cocos\2d\debug.win32\ccbreader.obj
i:\_projects\cocos2d-x\study\cocos2d-x\tankstrike\cocos2d\cocos\2d\debug.win32\cclabelttfloader.obj
i:\_projects\cocos2d-x\study\cocos2d-x\tankstrike\cocos2d\cocos\2d\debug.win32\ccmenuitemimageloader.obj
i:\_projects\cocos2d-x\study\cocos2d-x\tankstrike\cocos2d\cocos\2d\debug.win32\ccnodeloader.obj
i:\_projects\cocos2d-x\study\cocos2d-x\tankstrike\cocos2d\cocos\2d\debug.win32\ccscrollviewloader.obj
i:\_projects\cocos2d-x\study\cocos2d-x\tankstrike\cocos2d\cocos\2d\debug.win32\ccactiontimelinecache.obj
i:\_projects\cocos2d-x\study\cocos2d-x\tankstrike\cocos2d\cocos\2d\debug.win32\cctimeline.obj
i:\_projects\cocos2d-x\study\cocos2d-x\tankstrike\cocos2d\cocos\2d\debug.win32\ccactionframe.obj
i:\_projects\cocos2d-x\study\cocos2d-x\tankstrike\cocos2d\cocos\2d\debug.win32\ccactionframeeasing.obj
i:\_projects\cocos2d-x\study\cocos2d-x\tankstrike\cocos2d\cocos\2d\debug.win32\ccactionmanagerex.obj
i:\_projects\cocos2d-x\study\cocos2d-x\tankstrike\cocos2d\cocos\2d\debug.win32\ccarmature.obj
i:\_projects\cocos2d-x\study\cocos2d-x\tankstrike\cocos2d\cocos\2d\debug.win32\cccomattribute.obj
i:\_projects\cocos2d-x\study\cocos2d-x\tankstrike\cocos2d\cocos\2d\debug.win32\cccomrender.obj
i:\_projects\cocos2d-x\study\cocos2d-x\tankstrike\cocos2d\cocos\2d\debug.win32\cccomextensiondata.obj
i:\_projects\cocos2d-x\study\cocos2d-x\tankstrike\cocos2d\cocos\2d\debug.win32\cctween.obj
i:\_projects\cocos2d-x\study\cocos2d-x\tankstrike\cocos2d\cocos\2d\debug.win32\dictionaryhelper.obj
i:\_projects\cocos2d-x\study\cocos2d-x\tankstrike\cocos2d\cocos\2d\debug.win32\flatbuffersserialize.obj
i:\_projects\cocos2d-x\study\cocos2d-x\tankstrike\cocos2d\cocos\2d\debug.win32\buttonreader.obj
i:\_projects\cocos2d-x\study\cocos2d-x\tankstrike\cocos2d\cocos\2d\debug.win32\gamenode3dreader.obj
i:\_projects\cocos2d-x\study\cocos2d-x\tankstrike\cocos2d\cocos\2d\debug.win32\nodereaderprotocol.obj
i:\_projects\cocos2d-x\study\cocos2d-x\tankstrike\cocos2d\cocos\2d\debug.win32\nodereader.obj
i:\_projects\cocos2d-x\study\cocos2d-x\tankstrike\cocos2d\cocos\2d\debug.win32\projectnodereader.obj
i:\_projects\cocos2d-x\study\cocos2d-x\tankstrike\cocos2d\cocos\2d\debug.win32\bonenodereader.obj
i:\_projects\cocos2d-x\study\cocos2d-x\tankstrike\cocos2d\cocos\2d\debug.win32\textatlasreader.obj
i:\_projects\cocos2d-x\study\cocos2d-x\tankstrike\cocos2d\cocos\2d\debug.win32\node3dreader.obj
i:\_projects\cocos2d-x\study\cocos2d-x\tankstrike\cocos2d\cocos\2d\debug.win32\widgetreader.obj
i:\_projects\cocos2d-x\study\cocos2d-x\tankstrike\cocos2d\cocos\2d\debug.win32\ccphysics3d.obj
i:\_projects\cocos2d-x\study\cocos2d-x\tankstrike\cocos2d\cocos\2d\debug.win32\ccphysics3dcomponent.obj
i:\_projects\cocos2d-x\study\cocos2d-x\tankstrike\cocos2d\cocos\2d\debug.win32\ccphysics3dshape.obj
i:\_projects\cocos2d-x\study\cocos2d-x\tankstrike\cocos2d\cocos\2d\debug.win32\ccfileutils.obj
i:\_projects\cocos2d-x\study\cocos2d-x\tankstrike\cocos2d\cocos\2d\debug.win32\ccdevice-win32.obj
i:\_projects\cocos2d-x\study\cocos2d-x\tankstrike\cocos2d\cocos\2d\debug.win32\ccbatchcommand.obj
i:\_projects\cocos2d-x\study\cocos2d-x\tankstrike\cocos2d\cocos\2d\debug.win32\ccframebuffer.obj
i:\_projects\cocos2d-x\study\cocos2d-x\tankstrike\cocos2d\cocos\2d\debug.win32\ccglprogramstate.obj
i:\_projects\cocos2d-x\study\cocos2d-x\tankstrike\cocos2d\cocos\2d\debug.win32\uilayout.obj
i:\_projects\cocos2d-x\study\cocos2d-x\tankstrike\cocos2d\cocos\2d\debug.win32\uirelativebox.obj
i:\_projects\cocos2d-x\study\cocos2d-x\tankstrike\cocos2d\cocos\2d\debug.win32\uirichtext.obj
i:\_projects\cocos2d-x\study\cocos2d-x\tankstrike\cocos2d\cocos\2d\debug.win32\ccanimation.obj
i:\_projects\cocos2d-x\study\cocos2d-x\tankstrike\cocos2d\cocos\2d\debug.win32\ccatlasnode.obj
i:\_projects\cocos2d-x\study\cocos2d-x\tankstrike\cocos2d\cocos\2d\debug.win32\cccamera.obj
i:\_projects\cocos2d-x\study\cocos2d-x\tankstrike\cocos2d\cocos\2d\debug.win32\cccamerabackgroundbrush.obj
i:\_projects\cocos2d-x\study\cocos2d-x\tankstrike\cocos2d\cocos\2d\debug.win32\ccclippingnode.obj
i:\_projects\cocos2d-x\study\cocos2d-x\tankstrike\cocos2d\cocos\2d\debug.win32\ccclippingrectanglenode.obj
i:\_projects\cocos2d-x\study\cocos2d-x\tankstrike\cocos2d\cocos\2d\debug.win32\cccomponent.obj
i:\_projects\cocos2d-x\study\cocos2d-x\tankstrike\cocos2d\cocos\2d\debug.win32\cccomponentcontainer.obj
i:\_projects\cocos2d-x\study\cocos2d-x\tankstrike\cocos2d\cocos\2d\debug.win32\ccdrawingprimitives.obj
i:\_projects\cocos2d-x\study\cocos2d-x\tankstrike\cocos2d\cocos\2d\debug.win32\ccdrawnode.obj
i:\_projects\cocos2d-x\study\cocos2d-x\tankstrike\cocos2d\cocos\2d\debug.win32\ccfasttmxlayer.obj
i:\_projects\cocos2d-x\study\cocos2d-x\tankstrike\cocos2d\cocos\2d\debug.win32\ccglbufferednode.obj
i:\_projects\cocos2d-x\study\cocos2d-x\tankstrike\cocos2d\cocos\2d\debug.win32\ccgrabber.obj
i:\_projects\cocos2d-x\study\cocos2d-x\tankstrike\cocos2d\cocos\2d\debug.win32\ccgrid.obj
i:\_projects\cocos2d-x\study\cocos2d-x\tankstrike\cocos2d\cocos\2d\debug.win32\cclabel.obj
i:\_projects\cocos2d-x\study\cocos2d-x\tankstrike\cocos2d\cocos\2d\debug.win32\ccparallaxnode.obj
i:\_projects\cocos2d-x\study\cocos2d-x\tankstrike\cocos2d\cocos\2d\debug.win32\ccparticleexamples.obj
i:\_projects\cocos2d-x\study\cocos2d-x\tankstrike\cocos2d\cocos\2d\debug.win32\ccparticlesystem.obj
i:\_projects\cocos2d-x\study\cocos2d-x\tankstrike\cocos2d\cocos\2d\debug.win32\ccrendertexture.obj
i:\_projects\cocos2d-x\study\cocos2d-x\tankstrike\cocos2d\cocos\2d\debug.win32\ccspriteframe.obj
i:\_projects\cocos2d-x\study\cocos2d-x\tankstrike\cocos2d\cocos\2d\debug.win32\ccspriteframecache.obj
i:\_projects\cocos2d-x\study\cocos2d-x\tankstrike\cocos2d\cocos\2d\debug.win32\cctransitionpageturn.obj
i:\_projects\cocos2d-x\study\cocos2d-x\tankstrike\proj.win32\debug.win32\libcocos2d.lib
i:\_projects\cocos2d-x\study\cocos2d-x\tankstrike\proj.win32\debug.win32\libcocos2d.exp
i:\_projects\cocos2d-x\study\cocos2d-x\tankstrike\proj.win32\debug.win32\libcocos2d.dll
i:\_projects\cocos2d-x\study\cocos2d-x\tankstrike\proj.win32\debug.win32\libcocos2d.pdb
i:\_projects\cocos2d-x\study\cocos2d-x\tankstrike\cocos2d\cocos\2d\debug.win32\libcocos2d.tlog\cl.command.1.tlog
i:\_projects\cocos2d-x\study\cocos2d-x\tankstrike\cocos2d\cocos\2d\debug.win32\libcocos2d.tlog\cl.read.1.tlog
i:\_projects\cocos2d-x\study\cocos2d-x\tankstrike\cocos2d\cocos\2d\debug.win32\libcocos2d.tlog\cl.write.1.tlog
i:\_projects\cocos2d-x\study\cocos2d-x\tankstrike\cocos2d\cocos\2d\debug.win32\libcocos2d.tlog\libcocos2d.write.1u.tlog
i:\_projects\cocos2d-x\study\cocos2d-x\tankstrike\cocos2d\cocos\2d\debug.win32\libcocos2d.tlog\link.command.1.tlog
i:\_projects\cocos2d-x\study\cocos2d-x\tankstrike\cocos2d\cocos\2d\debug.win32\libcocos2d.tlog\link.read.1.tlog
i:\_projects\cocos2d-x\study\cocos2d-x\tankstrike\cocos2d\cocos\2d\debug.win32\libcocos2d.tlog\link.write.1.tlog
